#
# A fatal error has been detected by the Java Runtime Environment:
#
#  EXCEPTION_ACCESS_VIOLATION (0xc0000005) at pc=0x00007ffd2f9af8b6, pid=14684, tid=6884
#
# JRE version: OpenJDK Runtime Environment (16.0.1+9) (build 16.0.1+9-24)
# Java VM: OpenJDK 64-Bit Server VM (16.0.1+9-24, mixed mode, sharing, tiered, compressed oops, compressed class ptrs, g1 gc, windows-amd64)
# Problematic frame:
# C  [msvcrt.dll+0x4f8b6]
#
# No core dump will be written. Minidumps are not enabled by default on client versions of Windows
#
# If you would like to submit a bug report, please visit:
#   https://bugreport.java.com/bugreport/crash.jsp
# The crash happened outside the Java Virtual Machine in native code.
# See problematic frame for where to report the bug.
#

---------------  S U M M A R Y ------------

Command Line: -Dcom.sun.management.jmxremote -Dcom.sun.management.jmxremote.port=53594 -Dcom.sun.management.jmxremote.authenticate=false -Dcom.sun.management.jmxremote.ssl=false -Djava.rmi.server.hostname=localhost -Dspring.jmx.enabled=true -Dspring.application.admin.enabled=true -XX:TieredStopAtLevel=1 -Dspring.boot.project.name=JavaGPU -Dfile.encoding=UTF-8 -XX:+ShowCodeDetailsInExceptionMessages com.mytoolbase.JavaBE.ToolBaseMainBe1Application

Host: Intel(R) Core(TM) i5-6402P CPU @ 2.80GHz, 4 cores, 15G,  Windows 10 , 64 bit Build 19041 (10.0.19041.928)
Time: Fri May 14 00:19:24 2021 India Standard Time elapsed time: 1.478362 seconds (0d 0h 0m 1s)

---------------  T H R E A D  ---------------

Current thread (0x0000022cfb9fe200):  JavaThread "main" [_thread_in_native, id=6884, stack(0x000000acf8c00000,0x000000acf8d00000)]

Stack: [0x000000acf8c00000,0x000000acf8d00000],  sp=0x000000acf8cfe760,  free space=1017k
Native frames: (J=compiled Java code, j=interpreted, Vv=VM code, C=native code)
C  [msvcrt.dll+0x4f8b6]
C  [msvcrt.dll+0x475cb]
C  [libaparapi.dll+0x7cf9]

Java frames: (J=compiled Java code, j=interpreted, Vv=VM code)
j  com.aparapi.internal.jni.KernelRunnerJNI.runKernelJNI(JLcom/aparapi/Range;ZILjava/nio/ByteBuffer;Ljava/nio/ByteBuffer;)I+0
j  com.aparapi.internal.kernel.KernelRunner.executeOpenCL(Lcom/aparapi/device/Device;Lcom/aparapi/internal/kernel/KernelRunner$ExecutionSettings;)Lcom/aparapi/Kernel;+96
j  com.aparapi.internal.kernel.KernelRunner.executeInternalInner(Lcom/aparapi/internal/kernel/KernelRunner$ExecutionSettings;Lcom/aparapi/device/Device;Z)Lcom/aparapi/Kernel;+3591
j  com.aparapi.internal.kernel.KernelRunner.executeInternalOuter(Lcom/aparapi/internal/kernel/KernelRunner$ExecutionSettings;)Lcom/aparapi/Kernel;+4
j  com.aparapi.internal.kernel.KernelRunner.execute(Ljava/lang/String;Lcom/aparapi/Range;I)Lcom/aparapi/Kernel;+78
j  com.aparapi.Kernel.execute(Ljava/lang/String;Lcom/aparapi/Range;I)Lcom/aparapi/Kernel;+7
j  com.aparapi.Kernel.execute(Lcom/aparapi/Range;I)Lcom/aparapi/Kernel;+6
j  com.aparapi.Kernel.execute(I)Lcom/aparapi/Kernel;+7
j  com.mytoolbase.JavaBE.ToolBaseMainBe1Application.main([Ljava/lang/String;)V+75
v  ~StubRoutines::call_stub

siginfo: EXCEPTION_ACCESS_VIOLATION (0xc0000005), reading address 0x0000000000000001


Register to memory mapping:

RIP=0x00007ffd2f9af8b6 msvcrt.dll
RAX=0x0000000000000001 is an unknown value
RBX=0x0000000000000001 is an unknown value
RCX=0x000000007ffffffe is an unknown value
RDX=0x0000000000000073 is an unknown value
RSP=0x000000acf8cfe760 is pointing into the stack for thread: 0x0000022cfb9fe200
RBP=0x000000acf8cfe860 is pointing into the stack for thread: 0x0000022cfb9fe200
RSI=0x000000006451f1b7 libaparapi.dll
RDI=0x0000000000000073 is an unknown value
R8 =0xffffffffffffffff is an unknown value
R9 =0x0000000000000007 is an unknown value
R10=0x0 is NULL
R11=0x0000000000000200 is an unknown value
R12=0x00000000ffffffff is an unknown value
R13=0x000000acf8cfeae0 is pointing into the stack for thread: 0x0000022cfb9fe200
R14=0x0000000000000061 is an unknown value
R15=0x0 is NULL


Registers:
RAX=0x0000000000000001, RBX=0x0000000000000001, RCX=0x000000007ffffffe, RDX=0x0000000000000073
RSP=0x000000acf8cfe760, RBP=0x000000acf8cfe860, RSI=0x000000006451f1b7, RDI=0x0000000000000073
R8 =0xffffffffffffffff, R9 =0x0000000000000007, R10=0x0000000000000000, R11=0x0000000000000200
R12=0x00000000ffffffff, R13=0x000000acf8cfeae0, R14=0x0000000000000061, R15=0x0000000000000000
RIP=0x00007ffd2f9af8b6, EFLAGS=0x0000000000010202

Top of Stack: (sp=0x000000acf8cfe760)
0x000000acf8cfe760:   0000022c9ff57dd0 00000000ffffffaf
0x000000acf8cfe770:   0000000000000051 0000000000000010
0x000000acf8cfe780:   0000000000000004 0000022cf9a30000
0x000000acf8cfe790:   0000000000000002 00007ffd307fb44d
0x000000acf8cfe7a0:   0000022c00000061 0000005100000000
0x000000acf8cfe7b0:   0000000000000000 0000000700000000
0x000000acf8cfe7c0:   0000000000000000 00007ffd2f9efa60
0x000000acf8cfe7d0:   00004fda48da15f4 0000000000000000
0x000000acf8cfe7e0:   000000006451f1b7 000000acf8cfea30
0x000000acf8cfe7f0:   00007ffd2f9ef0a0 0000022cf9a34320
0x000000acf8cfe800:   0000022cf9a31790 0000022c9ff57d01
0x000000acf8cfe810:   0000000064521fe0 00007ffd307f5ba1
0x000000acf8cfe820:   00000022c0000027 0000000000000000
0x000000acf8cfe830:   00007ffd2e4e4b89 0000022c00000004
0x000000acf8cfe840:   0000022c9ff57d60 000000acf8cfeac0
0x000000acf8cfe850:   0000000064507c42 0000000000000002 

Instructions: (pc=0x00007ffd2f9af8b6)
0x00007ffd2f9af7b6:   f7 c7 30 08 00 00 75 05 41 0f ba ef 0b 49 83 c5
0x00007ffd2f9af7c6:   08 41 f7 c7 10 08 00 00 74 27 45 0f b7 4d f8 48
0x00007ffd2f9af7d6:   8d 55 b0 4d 8b c3 48 8d 4c 24 4c e8 ba 64 fb ff
0x00007ffd2f9af7e6:   45 33 d2 85 c0 74 19 c7 44 24 58 01 00 00 00 eb
0x00007ffd2f9af7f6:   0f 41 8a 45 f8 88 45 b0 c7 44 24 4c 01 00 00 00
0x00007ffd2f9af806:   48 8d 5d b0 e9 4a 03 00 00 c7 44 24 64 01 00 00
0x00007ffd2f9af816:   00 40 80 c7 20 41 83 cf 40 48 8d 5d b0 45 8b f3
0x00007ffd2f9af826:   45 85 e4 0f 89 34 02 00 00 41 bc 06 00 00 00 e9
0x00007ffd2f9af836:   78 02 00 00 40 80 ff 67 7e db 40 80 ff 69 0f 84
0x00007ffd2f9af846:   fb 00 00 00 40 80 ff 6e 0f 84 bd 00 00 00 40 80
0x00007ffd2f9af856:   ff 6f 0f 84 a3 00 00 00 40 80 ff 70 74 69 40 80
0x00007ffd2f9af866:   ff 73 0f 84 01 ff ff ff 40 80 ff 75 0f 84 d1 00
0x00007ffd2f9af876:   00 00 40 80 ff 78 0f 85 d7 02 00 00 b8 27 00 00
0x00007ffd2f9af886:   00 eb 54 ff c9 66 44 39 10 74 08 48 83 c0 02 85
0x00007ffd2f9af896:   c9 75 f0 48 2b c3 48 d1 f8 eb 23 48 85 db 48 8d
0x00007ffd2f9af8a6:   05 71 c7 02 00 48 0f 45 c3 48 8b d8 eb 0a ff c9
0x00007ffd2f9af8b6:   44 38 10 74 07 48 ff c0 85 c9 75 f2 2b c3 89 44
0x00007ffd2f9af8c6:   24 4c e9 8c 02 00 00 41 bc 10 00 00 00 41 0f ba
0x00007ffd2f9af8d6:   ef 0f b8 07 00 00 00 89 44 24 60 45 84 ff 79 13
0x00007ffd2f9af8e6:   04 51 c6 44 24 44 30 88 44 24 45 c7 44 24 48 02
0x00007ffd2f9af8f6:   00 00 00 41 ba 10 00 00 00 eb 4e 41 ba 08 00 00
0x00007ffd2f9af906:   00 45 84 ff 79 43 45 0b fb eb 3e 49 8b 7d 00 49
0x00007ffd2f9af916:   83 c5 08 e8 36 fa ff ff 45 33 d2 85 c0 0f 84 b4
0x00007ffd2f9af926:   05 00 00 41 f6 c7 20 74 06 66 44 89 37 eb 03 44
0x00007ffd2f9af936:   89 37 c7 44 24 58 01 00 00 00 e9 59 03 00 00 41
0x00007ffd2f9af946:   83 cf 40 41 ba 0a 00 00 00 49 83 c5 08 41 0f ba
0x00007ffd2f9af956:   e7 0f 72 07 41 0f ba e7 0c 73 06 49 8b 45 f8 eb
0x00007ffd2f9af966:   2c 41 8b c7 83 e0 40 41 f6 c7 20 74 12 85 c0 74
0x00007ffd2f9af976:   07 49 0f bf 45 f8 eb 15 41 0f b7 45 f8 eb 0e 85
0x00007ffd2f9af986:   c0 74 06 49 63 45 f8 eb 04 41 8b 45 f8 41 f6 c7
0x00007ffd2f9af996:   40 74 0d 48 85 c0 79 08 48 f7 d8 41 0f ba ef 08
0x00007ffd2f9af9a6:   41 f7 c7 00 90 00 00 44 8b c0 bf 00 02 00 00 4c 


Stack slot to memory mapping:
stack at sp + 0 slots: 0x0000022c9ff57dd0 points into unknown readable memory: 0x6f206c656e72654b | 4b 65 72 6e 65 6c 20 6f
stack at sp + 1 slots: 0x00000000ffffffaf is an unknown value
stack at sp + 2 slots: 0x0000000000000051 is an unknown value
stack at sp + 3 slots: 0x0000000000000010 is an unknown value
stack at sp + 4 slots: 0x0000000000000004 is an unknown value
stack at sp + 5 slots: 0x0000022cf9a30000 points into unknown readable memory: 0x0000000000000000 | 00 00 00 00 00 00 00 00
stack at sp + 6 slots: 0x0000000000000002 is an unknown value
stack at sp + 7 slots: 0x00007ffd307fb44d ntdll.dll


---------------  P R O C E S S  ---------------

Threads class SMR info:
_java_thread_list=0x0000022c9f3b2e10, length=18, elements={
0x0000022cfb9fe200, 0x0000022cff7ab030, 0x0000022cff7abe00, 0x0000022cff7bd2d0,
0x0000022cff7c1370, 0x0000022cff7c3c90, 0x0000022cff7c45a0, 0x0000022cff7c8460,
0x0000022cff7c99a0, 0x0000022cff80e7a0, 0x0000022c9f0e5290, 0x0000022c9f378f90,
0x0000022c9f359cd0, 0x0000022c9f35a4f0, 0x0000022c9f3a4a70, 0x0000022c9f3ab790,
0x0000022c9f3abcb0, 0x0000022c9f3ac1d0
}

Java Threads: ( => current thread )
=>0x0000022cfb9fe200 JavaThread "main" [_thread_in_native, id=6884, stack(0x000000acf8c00000,0x000000acf8d00000)]
  0x0000022cff7ab030 JavaThread "Reference Handler" daemon [_thread_blocked, id=11620, stack(0x000000acf9300000,0x000000acf9400000)]
  0x0000022cff7abe00 JavaThread "Finalizer" daemon [_thread_blocked, id=11128, stack(0x000000acf9400000,0x000000acf9500000)]
  0x0000022cff7bd2d0 JavaThread "Signal Dispatcher" daemon [_thread_blocked, id=3052, stack(0x000000acf9500000,0x000000acf9600000)]
  0x0000022cff7c1370 JavaThread "Attach Listener" daemon [_thread_blocked, id=5012, stack(0x000000acf9600000,0x000000acf9700000)]
  0x0000022cff7c3c90 JavaThread "Service Thread" daemon [_thread_blocked, id=12140, stack(0x000000acf9700000,0x000000acf9800000)]
  0x0000022cff7c45a0 JavaThread "Monitor Deflation Thread" daemon [_thread_blocked, id=6512, stack(0x000000acf9800000,0x000000acf9900000)]
  0x0000022cff7c8460 JavaThread "C1 CompilerThread0" daemon [_thread_blocked, id=15316, stack(0x000000acf9900000,0x000000acf9a00000)]
  0x0000022cff7c99a0 JavaThread "Sweeper thread" daemon [_thread_blocked, id=1588, stack(0x000000acf9a00000,0x000000acf9b00000)]
  0x0000022cff80e7a0 JavaThread "Common-Cleaner" daemon [_thread_blocked, id=15036, stack(0x000000acf9b00000,0x000000acf9c00000)]
  0x0000022c9f0e5290 JavaThread "Notification Thread" daemon [_thread_blocked, id=13816, stack(0x000000acf9c00000,0x000000acf9d00000)]
  0x0000022c9f378f90 JavaThread "RMI TCP Accept-0" daemon [_thread_in_native, id=7536, stack(0x000000acf9d00000,0x000000acf9e00000)]
  0x0000022c9f359cd0 JavaThread "RMI TCP Accept-53594" daemon [_thread_in_native, id=10304, stack(0x000000acf9e00000,0x000000acf9f00000)]
  0x0000022c9f35a4f0 JavaThread "RMI TCP Accept-0" daemon [_thread_in_native, id=10364, stack(0x000000acf9f00000,0x000000acfa000000)]
  0x0000022c9f3a4a70 JavaThread "RMI TCP Connection(1)-127.0.0.1" daemon [_thread_in_native, id=8452, stack(0x000000acfa100000,0x000000acfa200000)]
  0x0000022c9f3ab790 JavaThread "RMI Scheduler(0)" daemon [_thread_blocked, id=8504, stack(0x000000acfa200000,0x000000acfa300000)]
  0x0000022c9f3abcb0 JavaThread "RMI TCP Connection(2)-127.0.0.1" daemon [_thread_in_native, id=6940, stack(0x000000acfa300000,0x000000acfa400000)]
  0x0000022c9f3ac1d0 JavaThread "JMX server connection timeout 21" daemon [_thread_blocked, id=8616, stack(0x000000acfa400000,0x000000acfa500000)]

Other Threads:
  0x0000022cff7a84e0 VMThread "VM Thread" [stack: 0x000000acf9200000,0x000000acf9300000] [id=12000]
  0x0000022cfb9ff110 WatcherThread [stack: 0x000000acfa000000,0x000000acfa100000] [id=2208]
  0x0000022cfba50f90 GCTaskThread "GC Thread#0" [stack: 0x000000acf8d00000,0x000000acf8e00000] [id=12972]
  0x0000022c9fa52950 GCTaskThread "GC Thread#1" [stack: 0x000000acfa600000,0x000000acfa700000] [id=7788]
  0x0000022c9fa52c60 GCTaskThread "GC Thread#2" [stack: 0x000000acfa700000,0x000000acfa800000] [id=5304]
  0x0000022c9fa52f70 GCTaskThread "GC Thread#3" [stack: 0x000000acfa800000,0x000000acfa900000] [id=7424]
  0x0000022cfba625d0 ConcurrentGCThread "G1 Main Marker" [stack: 0x000000acf8e00000,0x000000acf8f00000] [id=7792]
  0x0000022cfba62f50 ConcurrentGCThread "G1 Conc#0" [stack: 0x000000acf8f00000,0x000000acf9000000] [id=15060]
  0x0000022cff6720c0 ConcurrentGCThread "G1 Refine#0" [stack: 0x000000acf9000000,0x000000acf9100000] [id=5128]
  0x0000022c9fa33f20 ConcurrentGCThread "G1 Refine#1" [stack: 0x000000acfa900000,0x000000acfaa00000] [id=11988]
  0x0000022c9fa88910 ConcurrentGCThread "G1 Refine#2" [stack: 0x000000acfaa00000,0x000000acfab00000] [id=8732]
  0x0000022cff672a50 ConcurrentGCThread "G1 Service" [stack: 0x000000acf9100000,0x000000acf9200000] [id=9684]

Threads with active compile tasks:

VM state: not at safepoint (normal execution)

VM Mutex/Monitor currently owned by a thread: None

Heap address: 0x0000000700a00000, size: 4086 MB, Compressed Oops mode: Zero based, Oop shift amount: 3

CDS archive(s) mapped at: [0x0000000800000000-0x0000000800bb0000-0x0000000800bb0000), size 12255232, SharedBaseAddress: 0x0000000800000000, ArchiveRelocationMode: 0.
Compressed class space mapped at: 0x0000000800c00000-0x0000000840c00000, reserved size: 1073741824
Narrow klass base: 0x0000000800000000, Narrow klass shift: 3, Narrow klass range: 0x100000000

GC Precious Log:
 CPUs: 4 total, 4 available
 Memory: 16342M
 Large Page Support: Disabled
 NUMA Support: Disabled
 Compressed Oops: Enabled (Zero based)
 Heap Region Size: 2M
 Heap Min Capacity: 8M
 Heap Initial Capacity: 256M
 Heap Max Capacity: 4086M
 Pre-touch: Disabled
 Parallel Workers: 4
 Concurrent Workers: 1
 Concurrent Refinement Workers: 4
 Periodic GC: Disabled

Heap:
 garbage-first heap   total 262144K, used 8326K [0x0000000700a00000, 0x0000000800000000)
  region size 2048K, 2 young (4096K), 1 survivors (2048K)
 Metaspace       used 7584K, committed 7808K, reserved 1056768K
  class space    used 1113K, committed 1216K, reserved 1048576K

Heap Regions: E=young(eden), S=young(survivor), O=old, HS=humongous(starts), HC=humongous(continues), CS=collection set, F=free, OA=open archive, CA=closed archive, TAMS=top-at-mark-start (previous, next)
|   0|0x0000000700a00000, 0x0000000700c00000, 0x0000000700c00000|100%| O|  |TAMS 0x0000000700a00000, 0x0000000700a00000| Untracked 
|   1|0x0000000700c00000, 0x0000000700e00000, 0x0000000700e00000|100%| O|  |TAMS 0x0000000700c00000, 0x0000000700c00000| Untracked 
|   2|0x0000000700e00000, 0x0000000701000000, 0x0000000701000000|100%| O|  |TAMS 0x0000000700e00000, 0x0000000700e00000| Untracked 
|   3|0x0000000701000000, 0x0000000701021a00, 0x0000000701200000|  6%| O|  |TAMS 0x0000000701000000, 0x0000000701000000| Untracked 
|   4|0x0000000701200000, 0x0000000701200000, 0x0000000701400000|  0%| F|  |TAMS 0x0000000701200000, 0x0000000701200000| Untracked 
|   5|0x0000000701400000, 0x0000000701400000, 0x0000000701600000|  0%| F|  |TAMS 0x0000000701400000, 0x0000000701400000| Untracked 
|   6|0x0000000701600000, 0x0000000701600000, 0x0000000701800000|  0%| F|  |TAMS 0x0000000701600000, 0x0000000701600000| Untracked 
|   7|0x0000000701800000, 0x0000000701800000, 0x0000000701a00000|  0%| F|  |TAMS 0x0000000701800000, 0x0000000701800000| Untracked 
|   8|0x0000000701a00000, 0x0000000701a00000, 0x0000000701c00000|  0%| F|  |TAMS 0x0000000701a00000, 0x0000000701a00000| Untracked 
|   9|0x0000000701c00000, 0x0000000701c00000, 0x0000000701e00000|  0%| F|  |TAMS 0x0000000701c00000, 0x0000000701c00000| Untracked 
|  10|0x0000000701e00000, 0x0000000701e00000, 0x0000000702000000|  0%| F|  |TAMS 0x0000000701e00000, 0x0000000701e00000| Untracked 
|  11|0x0000000702000000, 0x0000000702000000, 0x0000000702200000|  0%| F|  |TAMS 0x0000000702000000, 0x0000000702000000| Untracked 
|  12|0x0000000702200000, 0x0000000702200000, 0x0000000702400000|  0%| F|  |TAMS 0x0000000702200000, 0x0000000702200000| Untracked 
|  13|0x0000000702400000, 0x0000000702400000, 0x0000000702600000|  0%| F|  |TAMS 0x0000000702400000, 0x0000000702400000| Untracked 
|  14|0x0000000702600000, 0x0000000702600000, 0x0000000702800000|  0%| F|  |TAMS 0x0000000702600000, 0x0000000702600000| Untracked 
|  15|0x0000000702800000, 0x0000000702800000, 0x0000000702a00000|  0%| F|  |TAMS 0x0000000702800000, 0x0000000702800000| Untracked 
|  16|0x0000000702a00000, 0x0000000702a00000, 0x0000000702c00000|  0%| F|  |TAMS 0x0000000702a00000, 0x0000000702a00000| Untracked 
|  17|0x0000000702c00000, 0x0000000702c00000, 0x0000000702e00000|  0%| F|  |TAMS 0x0000000702c00000, 0x0000000702c00000| Untracked 
|  18|0x0000000702e00000, 0x0000000702e00000, 0x0000000703000000|  0%| F|  |TAMS 0x0000000702e00000, 0x0000000702e00000| Untracked 
|  19|0x0000000703000000, 0x0000000703000000, 0x0000000703200000|  0%| F|  |TAMS 0x0000000703000000, 0x0000000703000000| Untracked 
|  20|0x0000000703200000, 0x0000000703200000, 0x0000000703400000|  0%| F|  |TAMS 0x0000000703200000, 0x0000000703200000| Untracked 
|  21|0x0000000703400000, 0x0000000703400000, 0x0000000703600000|  0%| F|  |TAMS 0x0000000703400000, 0x0000000703400000| Untracked 
|  22|0x0000000703600000, 0x0000000703600000, 0x0000000703800000|  0%| F|  |TAMS 0x0000000703600000, 0x0000000703600000| Untracked 
|  23|0x0000000703800000, 0x0000000703800000, 0x0000000703a00000|  0%| F|  |TAMS 0x0000000703800000, 0x0000000703800000| Untracked 
|  24|0x0000000703a00000, 0x0000000703a00000, 0x0000000703c00000|  0%| F|  |TAMS 0x0000000703a00000, 0x0000000703a00000| Untracked 
|  25|0x0000000703c00000, 0x0000000703c00000, 0x0000000703e00000|  0%| F|  |TAMS 0x0000000703c00000, 0x0000000703c00000| Untracked 
|  26|0x0000000703e00000, 0x0000000703e00000, 0x0000000704000000|  0%| F|  |TAMS 0x0000000703e00000, 0x0000000703e00000| Untracked 
|  27|0x0000000704000000, 0x0000000704000000, 0x0000000704200000|  0%| F|  |TAMS 0x0000000704000000, 0x0000000704000000| Untracked 
|  28|0x0000000704200000, 0x0000000704200000, 0x0000000704400000|  0%| F|  |TAMS 0x0000000704200000, 0x0000000704200000| Untracked 
|  29|0x0000000704400000, 0x0000000704400000, 0x0000000704600000|  0%| F|  |TAMS 0x0000000704400000, 0x0000000704400000| Untracked 
|  30|0x0000000704600000, 0x0000000704600000, 0x0000000704800000|  0%| F|  |TAMS 0x0000000704600000, 0x0000000704600000| Untracked 
|  31|0x0000000704800000, 0x0000000704800000, 0x0000000704a00000|  0%| F|  |TAMS 0x0000000704800000, 0x0000000704800000| Untracked 
|  32|0x0000000704a00000, 0x0000000704a00000, 0x0000000704c00000|  0%| F|  |TAMS 0x0000000704a00000, 0x0000000704a00000| Untracked 
|  33|0x0000000704c00000, 0x0000000704c00000, 0x0000000704e00000|  0%| F|  |TAMS 0x0000000704c00000, 0x0000000704c00000| Untracked 
|  34|0x0000000704e00000, 0x0000000704e00000, 0x0000000705000000|  0%| F|  |TAMS 0x0000000704e00000, 0x0000000704e00000| Untracked 
|  35|0x0000000705000000, 0x0000000705000000, 0x0000000705200000|  0%| F|  |TAMS 0x0000000705000000, 0x0000000705000000| Untracked 
|  36|0x0000000705200000, 0x0000000705200000, 0x0000000705400000|  0%| F|  |TAMS 0x0000000705200000, 0x0000000705200000| Untracked 
|  37|0x0000000705400000, 0x0000000705400000, 0x0000000705600000|  0%| F|  |TAMS 0x0000000705400000, 0x0000000705400000| Untracked 
|  38|0x0000000705600000, 0x0000000705600000, 0x0000000705800000|  0%| F|  |TAMS 0x0000000705600000, 0x0000000705600000| Untracked 
|  39|0x0000000705800000, 0x0000000705800000, 0x0000000705a00000|  0%| F|  |TAMS 0x0000000705800000, 0x0000000705800000| Untracked 
|  40|0x0000000705a00000, 0x0000000705a00000, 0x0000000705c00000|  0%| F|  |TAMS 0x0000000705a00000, 0x0000000705a00000| Untracked 
|  41|0x0000000705c00000, 0x0000000705c00000, 0x0000000705e00000|  0%| F|  |TAMS 0x0000000705c00000, 0x0000000705c00000| Untracked 
|  42|0x0000000705e00000, 0x0000000705e00000, 0x0000000706000000|  0%| F|  |TAMS 0x0000000705e00000, 0x0000000705e00000| Untracked 
|  43|0x0000000706000000, 0x0000000706000000, 0x0000000706200000|  0%| F|  |TAMS 0x0000000706000000, 0x0000000706000000| Untracked 
|  44|0x0000000706200000, 0x0000000706200000, 0x0000000706400000|  0%| F|  |TAMS 0x0000000706200000, 0x0000000706200000| Untracked 
|  45|0x0000000706400000, 0x0000000706400000, 0x0000000706600000|  0%| F|  |TAMS 0x0000000706400000, 0x0000000706400000| Untracked 
|  46|0x0000000706600000, 0x0000000706600000, 0x0000000706800000|  0%| F|  |TAMS 0x0000000706600000, 0x0000000706600000| Untracked 
|  47|0x0000000706800000, 0x0000000706800000, 0x0000000706a00000|  0%| F|  |TAMS 0x0000000706800000, 0x0000000706800000| Untracked 
|  48|0x0000000706a00000, 0x0000000706a00000, 0x0000000706c00000|  0%| F|  |TAMS 0x0000000706a00000, 0x0000000706a00000| Untracked 
|  49|0x0000000706c00000, 0x0000000706c00000, 0x0000000706e00000|  0%| F|  |TAMS 0x0000000706c00000, 0x0000000706c00000| Untracked 
|  50|0x0000000706e00000, 0x0000000706e00000, 0x0000000707000000|  0%| F|  |TAMS 0x0000000706e00000, 0x0000000706e00000| Untracked 
|  51|0x0000000707000000, 0x0000000707000000, 0x0000000707200000|  0%| F|  |TAMS 0x0000000707000000, 0x0000000707000000| Untracked 
|  52|0x0000000707200000, 0x0000000707200000, 0x0000000707400000|  0%| F|  |TAMS 0x0000000707200000, 0x0000000707200000| Untracked 
|  53|0x0000000707400000, 0x0000000707400000, 0x0000000707600000|  0%| F|  |TAMS 0x0000000707400000, 0x0000000707400000| Untracked 
|  54|0x0000000707600000, 0x0000000707600000, 0x0000000707800000|  0%| F|  |TAMS 0x0000000707600000, 0x0000000707600000| Untracked 
|  55|0x0000000707800000, 0x0000000707800000, 0x0000000707a00000|  0%| F|  |TAMS 0x0000000707800000, 0x0000000707800000| Untracked 
|  56|0x0000000707a00000, 0x0000000707a00000, 0x0000000707c00000|  0%| F|  |TAMS 0x0000000707a00000, 0x0000000707a00000| Untracked 
|  57|0x0000000707c00000, 0x0000000707c00000, 0x0000000707e00000|  0%| F|  |TAMS 0x0000000707c00000, 0x0000000707c00000| Untracked 
|  58|0x0000000707e00000, 0x0000000707e00000, 0x0000000708000000|  0%| F|  |TAMS 0x0000000707e00000, 0x0000000707e00000| Untracked 
|  59|0x0000000708000000, 0x0000000708000000, 0x0000000708200000|  0%| F|  |TAMS 0x0000000708000000, 0x0000000708000000| Untracked 
|  60|0x0000000708200000, 0x0000000708200000, 0x0000000708400000|  0%| F|  |TAMS 0x0000000708200000, 0x0000000708200000| Untracked 
|  61|0x0000000708400000, 0x0000000708400000, 0x0000000708600000|  0%| F|  |TAMS 0x0000000708400000, 0x0000000708400000| Untracked 
|  62|0x0000000708600000, 0x0000000708600000, 0x0000000708800000|  0%| F|  |TAMS 0x0000000708600000, 0x0000000708600000| Untracked 
|  63|0x0000000708800000, 0x0000000708800000, 0x0000000708a00000|  0%| F|  |TAMS 0x0000000708800000, 0x0000000708800000| Untracked 
|  64|0x0000000708a00000, 0x0000000708a00000, 0x0000000708c00000|  0%| F|  |TAMS 0x0000000708a00000, 0x0000000708a00000| Untracked 
|  65|0x0000000708c00000, 0x0000000708c00000, 0x0000000708e00000|  0%| F|  |TAMS 0x0000000708c00000, 0x0000000708c00000| Untracked 
|  66|0x0000000708e00000, 0x0000000708e00000, 0x0000000709000000|  0%| F|  |TAMS 0x0000000708e00000, 0x0000000708e00000| Untracked 
|  67|0x0000000709000000, 0x0000000709000000, 0x0000000709200000|  0%| F|  |TAMS 0x0000000709000000, 0x0000000709000000| Untracked 
|  68|0x0000000709200000, 0x0000000709200000, 0x0000000709400000|  0%| F|  |TAMS 0x0000000709200000, 0x0000000709200000| Untracked 
|  69|0x0000000709400000, 0x0000000709400000, 0x0000000709600000|  0%| F|  |TAMS 0x0000000709400000, 0x0000000709400000| Untracked 
|  70|0x0000000709600000, 0x0000000709600000, 0x0000000709800000|  0%| F|  |TAMS 0x0000000709600000, 0x0000000709600000| Untracked 
|  71|0x0000000709800000, 0x0000000709800000, 0x0000000709a00000|  0%| F|  |TAMS 0x0000000709800000, 0x0000000709800000| Untracked 
|  72|0x0000000709a00000, 0x0000000709a00000, 0x0000000709c00000|  0%| F|  |TAMS 0x0000000709a00000, 0x0000000709a00000| Untracked 
|  73|0x0000000709c00000, 0x0000000709c00000, 0x0000000709e00000|  0%| F|  |TAMS 0x0000000709c00000, 0x0000000709c00000| Untracked 
|  74|0x0000000709e00000, 0x0000000709e00000, 0x000000070a000000|  0%| F|  |TAMS 0x0000000709e00000, 0x0000000709e00000| Untracked 
|  75|0x000000070a000000, 0x000000070a000000, 0x000000070a200000|  0%| F|  |TAMS 0x000000070a000000, 0x000000070a000000| Untracked 
|  76|0x000000070a200000, 0x000000070a200000, 0x000000070a400000|  0%| F|  |TAMS 0x000000070a200000, 0x000000070a200000| Untracked 
|  77|0x000000070a400000, 0x000000070a400000, 0x000000070a600000|  0%| F|  |TAMS 0x000000070a400000, 0x000000070a400000| Untracked 
|  78|0x000000070a600000, 0x000000070a600000, 0x000000070a800000|  0%| F|  |TAMS 0x000000070a600000, 0x000000070a600000| Untracked 
|  79|0x000000070a800000, 0x000000070a800000, 0x000000070aa00000|  0%| F|  |TAMS 0x000000070a800000, 0x000000070a800000| Untracked 
|  80|0x000000070aa00000, 0x000000070aa00000, 0x000000070ac00000|  0%| F|  |TAMS 0x000000070aa00000, 0x000000070aa00000| Untracked 
|  81|0x000000070ac00000, 0x000000070ac00000, 0x000000070ae00000|  0%| F|  |TAMS 0x000000070ac00000, 0x000000070ac00000| Untracked 
|  82|0x000000070ae00000, 0x000000070ae00000, 0x000000070b000000|  0%| F|  |TAMS 0x000000070ae00000, 0x000000070ae00000| Untracked 
|  83|0x000000070b000000, 0x000000070b000000, 0x000000070b200000|  0%| F|  |TAMS 0x000000070b000000, 0x000000070b000000| Untracked 
|  84|0x000000070b200000, 0x000000070b200000, 0x000000070b400000|  0%| F|  |TAMS 0x000000070b200000, 0x000000070b200000| Untracked 
|  85|0x000000070b400000, 0x000000070b400000, 0x000000070b600000|  0%| F|  |TAMS 0x000000070b400000, 0x000000070b400000| Untracked 
|  86|0x000000070b600000, 0x000000070b600000, 0x000000070b800000|  0%| F|  |TAMS 0x000000070b600000, 0x000000070b600000| Untracked 
|  87|0x000000070b800000, 0x000000070b800000, 0x000000070ba00000|  0%| F|  |TAMS 0x000000070b800000, 0x000000070b800000| Untracked 
|  88|0x000000070ba00000, 0x000000070ba00000, 0x000000070bc00000|  0%| F|  |TAMS 0x000000070ba00000, 0x000000070ba00000| Untracked 
|  89|0x000000070bc00000, 0x000000070bc00000, 0x000000070be00000|  0%| F|  |TAMS 0x000000070bc00000, 0x000000070bc00000| Untracked 
|  90|0x000000070be00000, 0x000000070be00000, 0x000000070c000000|  0%| F|  |TAMS 0x000000070be00000, 0x000000070be00000| Untracked 
|  91|0x000000070c000000, 0x000000070c000000, 0x000000070c200000|  0%| F|  |TAMS 0x000000070c000000, 0x000000070c000000| Untracked 
|  92|0x000000070c200000, 0x000000070c200000, 0x000000070c400000|  0%| F|  |TAMS 0x000000070c200000, 0x000000070c200000| Untracked 
|  93|0x000000070c400000, 0x000000070c400000, 0x000000070c600000|  0%| F|  |TAMS 0x000000070c400000, 0x000000070c400000| Untracked 
|  94|0x000000070c600000, 0x000000070c600000, 0x000000070c800000|  0%| F|  |TAMS 0x000000070c600000, 0x000000070c600000| Untracked 
|  95|0x000000070c800000, 0x000000070c800000, 0x000000070ca00000|  0%| F|  |TAMS 0x000000070c800000, 0x000000070c800000| Untracked 
|  96|0x000000070ca00000, 0x000000070ca00000, 0x000000070cc00000|  0%| F|  |TAMS 0x000000070ca00000, 0x000000070ca00000| Untracked 
|  97|0x000000070cc00000, 0x000000070cc00000, 0x000000070ce00000|  0%| F|  |TAMS 0x000000070cc00000, 0x000000070cc00000| Untracked 
|  98|0x000000070ce00000, 0x000000070ce00000, 0x000000070d000000|  0%| F|  |TAMS 0x000000070ce00000, 0x000000070ce00000| Untracked 
|  99|0x000000070d000000, 0x000000070d000000, 0x000000070d200000|  0%| F|  |TAMS 0x000000070d000000, 0x000000070d000000| Untracked 
| 100|0x000000070d200000, 0x000000070d200000, 0x000000070d400000|  0%| F|  |TAMS 0x000000070d200000, 0x000000070d200000| Untracked 
| 101|0x000000070d400000, 0x000000070d400000, 0x000000070d600000|  0%| F|  |TAMS 0x000000070d400000, 0x000000070d400000| Untracked 
| 102|0x000000070d600000, 0x000000070d600000, 0x000000070d800000|  0%| F|  |TAMS 0x000000070d600000, 0x000000070d600000| Untracked 
| 103|0x000000070d800000, 0x000000070d800000, 0x000000070da00000|  0%| F|  |TAMS 0x000000070d800000, 0x000000070d800000| Untracked 
| 104|0x000000070da00000, 0x000000070da00000, 0x000000070dc00000|  0%| F|  |TAMS 0x000000070da00000, 0x000000070da00000| Untracked 
| 105|0x000000070dc00000, 0x000000070dc00000, 0x000000070de00000|  0%| F|  |TAMS 0x000000070dc00000, 0x000000070dc00000| Untracked 
| 106|0x000000070de00000, 0x000000070de00000, 0x000000070e000000|  0%| F|  |TAMS 0x000000070de00000, 0x000000070de00000| Untracked 
| 107|0x000000070e000000, 0x000000070e000000, 0x000000070e200000|  0%| F|  |TAMS 0x000000070e000000, 0x000000070e000000| Untracked 
| 108|0x000000070e200000, 0x000000070e200000, 0x000000070e400000|  0%| F|  |TAMS 0x000000070e200000, 0x000000070e200000| Untracked 
| 109|0x000000070e400000, 0x000000070e400000, 0x000000070e600000|  0%| F|  |TAMS 0x000000070e400000, 0x000000070e400000| Untracked 
| 110|0x000000070e600000, 0x000000070e600000, 0x000000070e800000|  0%| F|  |TAMS 0x000000070e600000, 0x000000070e600000| Untracked 
| 111|0x000000070e800000, 0x000000070e800000, 0x000000070ea00000|  0%| F|  |TAMS 0x000000070e800000, 0x000000070e800000| Untracked 
| 112|0x000000070ea00000, 0x000000070ea00000, 0x000000070ec00000|  0%| F|  |TAMS 0x000000070ea00000, 0x000000070ea00000| Untracked 
| 113|0x000000070ec00000, 0x000000070ec00000, 0x000000070ee00000|  0%| F|  |TAMS 0x000000070ec00000, 0x000000070ec00000| Untracked 
| 114|0x000000070ee00000, 0x000000070ee00000, 0x000000070f000000|  0%| F|  |TAMS 0x000000070ee00000, 0x000000070ee00000| Untracked 
| 115|0x000000070f000000, 0x000000070f000000, 0x000000070f200000|  0%| F|  |TAMS 0x000000070f000000, 0x000000070f000000| Untracked 
| 116|0x000000070f200000, 0x000000070f200000, 0x000000070f400000|  0%| F|  |TAMS 0x000000070f200000, 0x000000070f200000| Untracked 
| 117|0x000000070f400000, 0x000000070f400000, 0x000000070f600000|  0%| F|  |TAMS 0x000000070f400000, 0x000000070f400000| Untracked 
| 118|0x000000070f600000, 0x000000070f600000, 0x000000070f800000|  0%| F|  |TAMS 0x000000070f600000, 0x000000070f600000| Untracked 
| 119|0x000000070f800000, 0x000000070f800000, 0x000000070fa00000|  0%| F|  |TAMS 0x000000070f800000, 0x000000070f800000| Untracked 
| 120|0x000000070fa00000, 0x000000070fa00000, 0x000000070fc00000|  0%| F|  |TAMS 0x000000070fa00000, 0x000000070fa00000| Untracked 
| 121|0x000000070fc00000, 0x000000070fc00000, 0x000000070fe00000|  0%| F|  |TAMS 0x000000070fc00000, 0x000000070fc00000| Untracked 
| 122|0x000000070fe00000, 0x0000000710000000, 0x0000000710000000|100%| S|CS|TAMS 0x000000070fe00000, 0x000000070fe00000| Complete 
| 123|0x0000000710000000, 0x0000000710000000, 0x0000000710200000|  0%| F|  |TAMS 0x0000000710000000, 0x0000000710000000| Untracked 
| 124|0x0000000710200000, 0x0000000710200000, 0x0000000710400000|  0%| F|  |TAMS 0x0000000710200000, 0x0000000710200000| Untracked 
| 125|0x0000000710400000, 0x0000000710400000, 0x0000000710600000|  0%| F|  |TAMS 0x0000000710400000, 0x0000000710400000| Untracked 
| 126|0x0000000710600000, 0x0000000710600000, 0x0000000710800000|  0%| F|  |TAMS 0x0000000710600000, 0x0000000710600000| Untracked 
| 127|0x0000000710800000, 0x000000071086f148, 0x0000000710a00000| 21%| E|  |TAMS 0x0000000710800000, 0x0000000710800000| Complete 

Card table byte_map: [0x0000022cfc2e0000,0x0000022cfcae0000] _byte_map_base: 0x0000022cf8adb000

Marking Bits (Prev, Next): (CMBitMap*) 0x0000022cfba51510, (CMBitMap*) 0x0000022cfba51550
 Prev Bits: [0x0000022c96690000, 0x0000022c9a668000)
 Next Bits: [0x0000022c9a670000, 0x0000022c9e648000)

Polling page: 0x0000022cf9950000

Metaspace:

Usage:
  Non-class:      6.32 MB used.
      Class:      1.09 MB used.
       Both:      7.41 MB used.

Virtual space:
  Non-class space:        8.00 MB reserved,       6.44 MB ( 80%) committed,  1 nodes.
      Class space:        1.00 GB reserved,       1.19 MB ( <1%) committed,  1 nodes.
              Both:        1.01 GB reserved,       7.62 MB ( <1%) committed. 

Chunk freelists:
   Non-Class:  1.17 MB
       Class:  2.80 MB
        Both:  3.97 MB

MaxMetaspaceSize: 17179869184.00 GB
CompressedClassSpaceSize: 1.00 GB
 - commit_granule_bytes: 65536.
 - commit_granule_words: 8192.
 - virtual_space_node_default_size: 1048576.
 - enlarge_chunks_in_place: 1.
 - new_chunks_are_fully_committed: 0.
 - uncommit_free_chunks: 1.
 - use_allocation_guard: 0.
 - handle_deallocations: 1.


Internal statistics:

num_allocs_failed_limit: 0.
num_arena_births: 168.
num_arena_deaths: 0.
num_vsnodes_births: 2.
num_vsnodes_deaths: 0.
num_space_committed: 122.
num_space_uncommitted: 0.
num_chunks_returned_to_freelist: 0.
num_chunks_taken_from_freelist: 281.
num_chunk_merges: 0.
num_chunk_splits: 194.
num_chunks_enlarged: 128.
num_purges: 0.

CodeHeap 'non-profiled nmethods': size=238912Kb used=1728Kb max_used=1728Kb free=237183Kb
 bounds [0x0000022c87d40000, 0x0000022c87fb0000, 0x0000022c96690000]
CodeHeap 'non-nmethods': size=6848Kb used=1200Kb max_used=1200Kb free=5647Kb
 bounds [0x0000022c87690000, 0x0000022c87900000, 0x0000022c87d40000]
 total_blobs=1708 nmethods=1205 adapters=431
 compilation: enabled
              stopped_count=0, restarted_count=0
 full_count=0

Compilation events (20 events):
Event: 1.221 Thread 0x0000022cff7c8460 1186       1       jdk.internal.loader.URLClassPath$JarLoader$2::getManifest (26 bytes)
Event: 1.221 Thread 0x0000022cff7c8460 nmethod 1186 0x0000022c87ee7390 code [0x0000022c87ee7580, 0x0000022c87ee7848]
Event: 1.221 Thread 0x0000022cff7c8460 1187       1       java.util.jar.JavaUtilJarAccessImpl::ensureInitialization (5 bytes)
Event: 1.221 Thread 0x0000022cff7c8460 nmethod 1187 0x0000022c87ee7a90 code [0x0000022c87ee7c40, 0x0000022c87ee7d28]
Event: 1.221 Thread 0x0000022cff7c8460 1188  s!   1       java.util.jar.JarFile::ensureInitialization (74 bytes)
Event: 1.222 Thread 0x0000022cff7c8460 nmethod 1188 0x0000022c87ee7e10 code [0x0000022c87ee8060, 0x0000022c87ee87a8]
Event: 1.222 Thread 0x0000022cff7c8460 1189       1       java.util.jar.JarFile::getManifest (5 bytes)
Event: 1.222 Thread 0x0000022cff7c8460 nmethod 1189 0x0000022c87ee8b10 code [0x0000022c87ee8ca0, 0x0000022c87ee8d88]
Event: 1.222 Thread 0x0000022cff7c8460 1190   !   1       java.util.jar.JarFile::getManifestFromReference (163 bytes)
Event: 1.223 Thread 0x0000022cff7c8460 nmethod 1190 0x0000022c87ee8e10 code [0x0000022c87ee9060, 0x0000022c87ee98a8]
Event: 1.223 Thread 0x0000022cff7c8460 1191       1       java.util.jar.Manifest::getTrustedAttributes (57 bytes)
Event: 1.223 Thread 0x0000022cff7c8460 nmethod 1191 0x0000022c87ee9c10 code [0x0000022c87ee9e20, 0x0000022c87eea338]
Event: 1.223 Thread 0x0000022cff7c8460 1192       1       java.util.jar.Manifest::getAttributes (14 bytes)
Event: 1.223 Thread 0x0000022cff7c8460 nmethod 1192 0x0000022c87eea590 code [0x0000022c87eea740, 0x0000022c87eea868]
Event: 1.223 Thread 0x0000022cff7c8460 1193       1       jdk.internal.loader.URLClassPath$JarLoader$2::getInputStream (15 bytes)
Event: 1.223 Thread 0x0000022cff7c8460 nmethod 1193 0x0000022c87eea910 code [0x0000022c87eeaac0, 0x0000022c87eeabc8]
Event: 1.223 Thread 0x0000022cff7c8460 1194       1       jdk.internal.loader.URLClassPath$JarLoader$2::getContentLength (9 bytes)
Event: 1.223 Thread 0x0000022cff7c8460 nmethod 1194 0x0000022c87eeac90 code [0x0000022c87eeae20, 0x0000022c87eeaef8]
Event: 1.223 Thread 0x0000022cff7c8460 1195   !   1       java.util.jar.JarFile$JarFileEntry::getCodeSigners (81 bytes)
Event: 1.223 Thread 0x0000022cff7c8460 nmethod 1195 0x0000022c87eeaf90 code [0x0000022c87eeb180, 0x0000022c87eeb508]

GC Heap History (2 events):
Event: 1.075 GC heap before
{Heap before GC invocations=0 (full 0):
 garbage-first heap   total 262144K, used 10240K [0x0000000700a00000, 0x0000000800000000)
  region size 2048K, 6 young (12288K), 0 survivors (0K)
 Metaspace       used 5821K, committed 6080K, reserved 1056768K
  class space    used 718K, committed 832K, reserved 1048576K
}
Event: 1.079 GC heap after
{Heap after GC invocations=1 (full 0):
 garbage-first heap   total 262144K, used 3730K [0x0000000700a00000, 0x0000000800000000)
  region size 2048K, 1 young (2048K), 1 survivors (2048K)
 Metaspace       used 5821K, committed 6080K, reserved 1056768K
  class space    used 718K, committed 832K, reserved 1048576K
}

Deoptimization events (0 events):
No events

Classes unloaded (0 events):
No events

Classes redefined (0 events):
No events

Internal exceptions (20 events):
Event: 0.119 Thread 0x0000022cfb9fe200 Exception <a 'java/lang/NoSuchMethodError'{0x000000071079e1c0}: 'java.lang.Object java.lang.invoke.DirectMethodHandle$Holder.invokeInterface(java.lang.Object, java.lang.Object)'> (0x000000071079e1c0) 
thrown [t:\workspace\open\src\hotspot\share\interpreter\linkResolver.cpp, line 790]
Event: 0.120 Thread 0x0000022cfb9fe200 Exception <a 'java/lang/NoSuchMethodError'{0x00000007107a66f8}: 'java.lang.Object java.lang.invoke.DirectMethodHandle$Holder.invokeStaticInit(java.lang.Object, java.lang.Object, java.lang.Object)'> (0x00000007107a66f8) 
thrown [t:\workspace\open\src\hotspot\share\interpreter\linkResolver.cpp, line 790]
Event: 0.123 Thread 0x0000022cfb9fe200 Exception <a 'java/lang/NoSuchMethodError'{0x00000007107c3ca8}: 'int java.lang.invoke.DirectMethodHandle$Holder.invokeInterface(java.lang.Object, java.lang.Object)'> (0x00000007107c3ca8) 
thrown [t:\workspace\open\src\hotspot\share\interpreter\linkResolver.cpp, line 790]
Event: 0.123 Thread 0x0000022cfb9fe200 Exception <a 'java/lang/IncompatibleClassChangeError'{0x00000007107c74a0}: Found class java.lang.Object, but interface was expected> (0x00000007107c74a0) 
thrown [t:\workspace\open\src\hotspot\share\interpreter\linkResolver.cpp, line 857]
Event: 0.124 Thread 0x0000022cfb9fe200 Exception <a 'java/lang/NoSuchMethodError'{0x00000007107cd780}: 'void java.lang.invoke.DirectMethodHandle$Holder.invokeStatic(java.lang.Object, java.lang.Object)'> (0x00000007107cd780) 
thrown [t:\workspace\open\src\hotspot\share\interpreter\linkResolver.cpp, line 790]
Event: 0.159 Thread 0x0000022cfb9fe200 Exception <a 'java/lang/NoSuchMethodError'{0x000000071049bdc8}: 'int java.lang.invoke.DirectMethodHandle$Holder.invokeSpecial(java.lang.Object, java.lang.Object, java.lang.Object)'> (0x000000071049bdc8) 
thrown [t:\workspace\open\src\hotspot\share\interpreter\linkResolver.cpp, line 790]
Event: 0.185 Thread 0x0000022cfb9fe200 Exception <a 'java/lang/NoSuchMethodError'{0x0000000710566c80}: 'void java.lang.invoke.DirectMethodHandle$Holder.invokeStatic(java.lang.Object, java.lang.Object, java.lang.Object)'> (0x0000000710566c80) 
thrown [t:\workspace\open\src\hotspot\share\interpreter\linkResolver.cpp, line 790]
Event: 0.205 Thread 0x0000022cfb9fe200 Exception <a 'java/lang/NoSuchMethodError'{0x00000007105bfb40}: 'int java.lang.invoke.DirectMethodHandle$Holder.invokeSpecialIFC(java.lang.Object, java.lang.Object, java.lang.Object)'> (0x00000007105bfb40) 
thrown [t:\workspace\open\src\hotspot\share\interpreter\linkResolver.cpp, line 790]
Event: 0.226 Thread 0x0000022cfb9fe200 Exception <a 'java/lang/NoSuchMethodError'{0x0000000710236dd0}: 'java.lang.Object java.lang.invoke.DirectMethodHandle$Holder.invokeStaticInit(java.lang.Object, int, int, int, int)'> (0x0000000710236dd0) 
thrown [t:\workspace\open\src\hotspot\share\interpreter\linkResolver.cpp, line 790]
Event: 0.257 Thread 0x0000022cfb9fe200 Exception <a 'java/lang/NoSuchMethodError'{0x000000071027ecb8}: 'java.lang.Object java.lang.invoke.DirectMethodHandle$Holder.invokeStaticInit(java.lang.Object, java.lang.Object, int, int, int, int)'> (0x000000071027ecb8) 
thrown [t:\workspace\open\src\hotspot\share\interpreter\linkResolver.cpp, line 790]
Event: 0.266 Thread 0x0000022cfb9fe200 Exception <a 'java/lang/ClassNotFoundException'{0x000000071029acd0}: javax/management/remote/rmi/RMIServerImpl_Skel> (0x000000071029acd0) 
thrown [t:\workspace\open\src\hotspot\share\classfile\systemDictionary.cpp, line 256]
Event: 0.294 Thread 0x0000022cfb9fe200 Exception <a 'java/lang/ClassNotFoundException'{0x00000007103bad38}: jdk/internal/agent/resources/spi/agentProvider> (0x00000007103bad38) 
thrown [t:\workspace\open\src\hotspot\share\classfile\systemDictionary.cpp, line 256]
Event: 0.506 Thread 0x0000022c9f3abcb0 Exception <a 'java/lang/NoSuchMethodError'{0x0000000710158528}: static [B.<clinit>()V> (0x0000000710158528) 
thrown [t:\workspace\open\src\hotspot\share\prims\jni.cpp, line 1210]
Event: 0.512 Thread 0x0000022c9f3abcb0 Exception <a 'java/lang/ClassNotFoundException'{0x000000071017a070}: javax/management/remote/rmi/RMIConnectionImpl_Skel> (0x000000071017a070) 
thrown [t:\workspace\open\src\hotspot\share\classfile\systemDictionary.cpp, line 256]
Event: 0.513 Thread 0x0000022c9f3ac1d0 Exception <a 'java/lang/NoSuchMethodError'{0x00000007101ce928}: 'java.lang.Object java.lang.invoke.Invokers$Holder.linkToTargetMethod(java.lang.Object, long, java.lang.Object)'> (0x00000007101ce928) 
thrown [t:\workspace\open\src\hotspot\share\interpreter\linkResolver.cpp, line 790]
Event: 0.518 Thread 0x0000022c9f3abcb0 Exception <a 'java/lang/reflect/InvocationTargetException'{0x00000007101ae6d0}> (0x00000007101ae6d0) 
thrown [t:\workspace\open\src\hotspot\share\runtime\reflection.cpp, line 1157]
Event: 0.521 Thread 0x0000022c9f3abcb0 Exception <a 'java/lang/NoSuchMethodError'{0x000000070fe0e9c0}: static [Ljava/lang/StackTraceElement;.<clinit>()V> (0x000000070fe0e9c0) 
thrown [t:\workspace\open\src\hotspot\share\prims\jni.cpp, line 1210]
Event: 1.034 Thread 0x0000022c9f3abcb0 Exception <a 'java/lang/reflect/InvocationTargetException'{0x000000070fe231b0}> (0x000000070fe231b0) 
thrown [t:\workspace\open\src\hotspot\share\runtime\reflection.cpp, line 1157]
Event: 1.059 Thread 0x0000022cfb9fe200 Exception <a 'java/lang/NoSuchMethodError'{0x000000070ff26c48}: 'int java.lang.invoke.DirectMethodHandle$Holder.invokeStaticInit(java.lang.Object, java.lang.Object, java.lang.Object)'> (0x000000070ff26c48) 
thrown [t:\workspace\open\src\hotspot\share\interpreter\linkResolver.cpp, line 790]
Event: 1.157 Thread 0x0000022cfb9fe200 Exception <a 'java/lang/ClassNotFoundException'{0x000000071022eef0}: sun/util/logging/resources/spi/loggingProvider> (0x000000071022eef0) 
thrown [t:\workspace\open\src\hotspot\share\classfile\systemDictionary.cpp, line 256]

Events (20 events):
Event: 1.156 loading class java/lang/StackStreamFactory$FrameBuffer done
Event: 1.156 loading class java/lang/StackStreamFactory$StackFrameTraverser$StackFrameBuffer done
Event: 1.157 loading class java/util/logging/Level$RbAccess
Event: 1.157 loading class java/util/logging/Level$RbAccess done
Event: 1.157 loading class sun/util/logging/resources/logging
Event: 1.157 loading class sun/util/logging/resources/logging done
Event: 1.157 loading class sun/util/logging/resources/logging_en
Event: 1.157 loading class sun/util/logging/resources/logging_en done
Event: 1.157 loading class sun/util/logging/resources/logging_en
Event: 1.157 loading class sun/util/logging/resources/logging_en done
Event: 1.158 loading class sun/util/logging/resources/logging_en_IN
Event: 1.158 loading class sun/util/logging/resources/logging_en_IN done
Event: 1.158 loading class sun/util/logging/resources/logging_en_IN
Event: 1.158 loading class sun/util/logging/resources/logging_en_IN done
Event: 1.158 loading class java/util/Formatter$DateTime
Event: 1.158 loading class java/util/Formatter$DateTime done
Event: 1.158 loading class java/time/ZonedDateTime$1
Event: 1.158 loading class java/time/ZonedDateTime$1 done
Event: 1.172 loading class jdk/internal/vm/annotation/IntrinsicCandidate
Event: 1.172 loading class jdk/internal/vm/annotation/IntrinsicCandidate done


Dynamic libraries:
0x00007ff7ada60000 - 0x00007ff7ada6e000 	D:\Softwares\jdk-16.0.1\bin\javaw.exe
0x00007ffd307d0000 - 0x00007ffd309c5000 	C:\WINDOWS\SYSTEM32\ntdll.dll
0x00007ffd30410000 - 0x00007ffd304cd000 	C:\WINDOWS\System32\KERNEL32.DLL
0x00007ffd2e4b0000 - 0x00007ffd2e778000 	C:\WINDOWS\System32\KERNELBASE.dll
0x00007ffd2e1f0000 - 0x00007ffd2e2f0000 	C:\WINDOWS\System32\ucrtbase.dll
0x00007ffd28120000 - 0x00007ffd28138000 	D:\Softwares\jdk-16.0.1\bin\jli.dll
0x00007ffd304d0000 - 0x00007ffd30670000 	C:\WINDOWS\System32\USER32.dll
0x00007ffd2e780000 - 0x00007ffd2e7a2000 	C:\WINDOWS\System32\win32u.dll
0x00007ffd2e830000 - 0x00007ffd2e85a000 	C:\WINDOWS\System32\GDI32.dll
0x00007ffd2e0e0000 - 0x00007ffd2e1eb000 	C:\WINDOWS\System32\gdi32full.dll
0x00007ffd2e040000 - 0x00007ffd2e0dd000 	C:\WINDOWS\System32\msvcp_win.dll
0x00007ffd27f40000 - 0x00007ffd27f59000 	D:\Softwares\jdk-16.0.1\bin\VCRUNTIME140.dll
0x00007ffd1d9b0000 - 0x00007ffd1dc4a000 	C:\WINDOWS\WinSxS\amd64_microsoft.windows.common-controls_6595b64144ccf1df_6.0.19041.844_none_ca00b6081b84eb1d\COMCTL32.dll
0x00007ffd2f960000 - 0x00007ffd2f9fe000 	C:\WINDOWS\System32\msvcrt.dll
0x00007ffd2ff50000 - 0x00007ffd2ff80000 	C:\WINDOWS\System32\IMM32.DLL
0x00007ffd29280000 - 0x00007ffd2928c000 	D:\Softwares\jdk-16.0.1\bin\vcruntime140_1.dll
0x00007ffd27ea0000 - 0x00007ffd27f31000 	D:\Softwares\jdk-16.0.1\bin\msvcp140.dll
0x00007ffcfe780000 - 0x00007ffcff32b000 	D:\Softwares\jdk-16.0.1\bin\server\jvm.dll
0x00007ffd30360000 - 0x00007ffd3040c000 	C:\WINDOWS\System32\ADVAPI32.dll
0x00007ffd2e880000 - 0x00007ffd2e91b000 	C:\WINDOWS\System32\sechost.dll
0x00007ffd30100000 - 0x00007ffd3022b000 	C:\WINDOWS\System32\RPCRT4.dll
0x00007ffd2ff80000 - 0x00007ffd2ff88000 	C:\WINDOWS\System32\PSAPI.DLL
0x00007ffd292c0000 - 0x00007ffd292c9000 	C:\WINDOWS\SYSTEM32\WSOCK32.dll
0x00007ffd2fa10000 - 0x00007ffd2fa7b000 	C:\WINDOWS\System32\WS2_32.dll
0x00007ffd22240000 - 0x00007ffd22267000 	C:\WINDOWS\SYSTEM32\WINMM.dll
0x00007ffd28c80000 - 0x00007ffd28c8a000 	C:\WINDOWS\SYSTEM32\VERSION.dll
0x00007ffd2bd80000 - 0x00007ffd2bd92000 	C:\WINDOWS\SYSTEM32\kernel.appcore.dll
0x00007ffd291e0000 - 0x00007ffd291ea000 	D:\Softwares\jdk-16.0.1\bin\jimage.dll
0x00007ffd28310000 - 0x00007ffd284f4000 	C:\WINDOWS\SYSTEM32\DBGHELP.DLL
0x00007ffd28290000 - 0x00007ffd282bc000 	C:\WINDOWS\SYSTEM32\dbgcore.DLL
0x00007ffd2e7b0000 - 0x00007ffd2e830000 	C:\WINDOWS\System32\bcryptPrimitives.dll
0x00007ffd281c0000 - 0x00007ffd281e5000 	D:\Softwares\jdk-16.0.1\bin\java.dll
0x00007ffd2eeb0000 - 0x00007ffd2f5f2000 	C:\WINDOWS\System32\SHELL32.dll
0x00007ffd2c060000 - 0x00007ffd2c7f0000 	C:\WINDOWS\SYSTEM32\windows.storage.dll
0x00007ffd2f600000 - 0x00007ffd2f955000 	C:\WINDOWS\System32\combase.dll
0x00007ffd2d8b0000 - 0x00007ffd2d8dc000 	C:\WINDOWS\SYSTEM32\Wldp.dll
0x00007ffd2fff0000 - 0x00007ffd3009e000 	C:\WINDOWS\System32\SHCORE.dll
0x00007ffd2fa80000 - 0x00007ffd2fad5000 	C:\WINDOWS\System32\shlwapi.dll
0x00007ffd2de50000 - 0x00007ffd2de6f000 	C:\WINDOWS\SYSTEM32\profapi.dll
0x00007ffd28ba0000 - 0x00007ffd28bb9000 	D:\Softwares\jdk-16.0.1\bin\net.dll
0x00007ffd27630000 - 0x00007ffd2773b000 	C:\WINDOWS\SYSTEM32\WINHTTP.dll
0x00007ffd2d620000 - 0x00007ffd2d68a000 	C:\WINDOWS\system32\mswsock.dll
0x00007ffd28610000 - 0x00007ffd28623000 	D:\Softwares\jdk-16.0.1\bin\nio.dll
0x00007ffd281a0000 - 0x00007ffd281b8000 	D:\Softwares\jdk-16.0.1\bin\zip.dll
0x00007ffd28600000 - 0x00007ffd28609000 	D:\Softwares\jdk-16.0.1\bin\management.dll
0x00007ffd285a0000 - 0x00007ffd285ab000 	D:\Softwares\jdk-16.0.1\bin\management_ext.dll
0x00007ffd1d110000 - 0x00007ffd1d127000 	C:\WINDOWS\system32\napinsp.dll
0x00007ffd1bba0000 - 0x00007ffd1bbbb000 	C:\WINDOWS\system32\pnrpnsp.dll
0x00007ffd1bb30000 - 0x00007ffd1bb45000 	C:\WINDOWS\system32\wshbth.dll
0x00007ffd29190000 - 0x00007ffd291ad000 	C:\WINDOWS\system32\NLAapi.dll
0x00007ffd2d310000 - 0x00007ffd2d34b000 	C:\WINDOWS\SYSTEM32\IPHLPAPI.DLL
0x00007ffd2d350000 - 0x00007ffd2d41c000 	C:\WINDOWS\SYSTEM32\DNSAPI.dll
0x00007ffd2fa00000 - 0x00007ffd2fa08000 	C:\WINDOWS\System32\NSI.dll
0x00007ffd1bb10000 - 0x00007ffd1bb22000 	C:\WINDOWS\System32\winrnr.dll
0x00007ffd28630000 - 0x00007ffd2863a000 	C:\Windows\System32\rasadhlp.dll
0x00007ffd26c80000 - 0x00007ffd26cff000 	C:\WINDOWS\System32\fwpuclnt.dll
0x00007ffd2df10000 - 0x00007ffd2df37000 	C:\WINDOWS\System32\bcrypt.dll
0x00007ffd2d800000 - 0x00007ffd2d818000 	C:\WINDOWS\SYSTEM32\CRYPTSP.dll
0x00007ffd2cfc0000 - 0x00007ffd2cff4000 	C:\WINDOWS\system32\rsaenh.dll
0x00007ffd2de10000 - 0x00007ffd2de3e000 	C:\WINDOWS\SYSTEM32\USERENV.dll
0x00007ffd2d7f0000 - 0x00007ffd2d7fc000 	C:\WINDOWS\SYSTEM32\CRYPTBASE.dll
0x00007ffd28fd0000 - 0x00007ffd28fe7000 	C:\WINDOWS\SYSTEM32\dhcpcsvc6.DLL
0x00007ffd28f00000 - 0x00007ffd28f1d000 	C:\WINDOWS\SYSTEM32\dhcpcsvc.DLL
0x0000000061440000 - 0x000000006156b000 	C:\Users\Vignesh\AppData\Local\Temp\Aparapi17666984634542117394\libgcc_s_seh-1.dll
0x000000006fc40000 - 0x00000000714f5000 	C:\Users\Vignesh\AppData\Local\Temp\Aparapi16440717219506750712\libstdc++-6.dll
0x0000000064500000 - 0x0000000064945000 	C:\Users\Vignesh\AppData\Local\Temp\Aparapi11271613202507586615\libaparapi.dll
0x00007ffd1f8b0000 - 0x00007ffd1fa15000 	C:\WINDOWS\SYSTEM32\OpenCL.dll
0x00007ffd2df40000 - 0x00007ffd2df8e000 	C:\WINDOWS\System32\CFGMGR32.dll
0x00007ffd30230000 - 0x00007ffd3035a000 	C:\WINDOWS\System32\ole32.dll
0x00007ffd2eca0000 - 0x00007ffd2ed49000 	C:\WINDOWS\System32\clbcatq.dll
0x00007ffcf5720000 - 0x00007ffcf6945000 	C:\WINDOWS\System32\DriverStore\FileRepository\nv_dispi.inf_amd64_a494df49ba2f9f36\nvopencl64.dll
0x00007ffd2dab0000 - 0x00007ffd2dac2000 	C:\WINDOWS\SYSTEM32\msasn1.dll
0x00007ffd28c40000 - 0x00007ffd28c71000 	C:\WINDOWS\SYSTEM32\cryptnet.dll
0x00007ffd2e350000 - 0x00007ffd2e4af000 	C:\WINDOWS\System32\CRYPT32.dll
0x00007ffd2b9a0000 - 0x00007ffd2ba3e000 	C:\WINDOWS\system32\uxtheme.dll
0x00007ffd0a740000 - 0x00007ffd0ae48000 	C:\WINDOWS\SYSTEM32\nvapi64.dll
0x00007ffd2fae0000 - 0x00007ffd2ff49000 	C:\WINDOWS\System32\SETUPAPI.DLL
0x00007ffd27a60000 - 0x00007ffd27ac7000 	C:\WINDOWS\SYSTEM32\IntelOpenCL64.dll
0x00007ffd03940000 - 0x00007ffd03b02000 	C:\Program Files (x86)\Common Files\Intel\OpenCL\bin\x64\intelocl64.dll
0x00007ffd20c20000 - 0x00007ffd20cbd000 	C:\Program Files (x86)\Common Files\Intel\OpenCL\bin\x64\task_executor64.dll
0x00007ffd1aa90000 - 0x00007ffd1abb6000 	C:\WINDOWS\SYSTEM32\OPENGL32.dll
0x00007ffd26470000 - 0x00007ffd2649c000 	C:\WINDOWS\SYSTEM32\GLU32.dll
0x00007ffd1f750000 - 0x00007ffd1f828000 	C:\Program Files (x86)\Common Files\Intel\OpenCL\bin\x64\cpu_device64.dll
0x00007ffce4650000 - 0x00007ffce7527000 	C:\WINDOWS\System32\DriverStore\FileRepository\nv_dispi.inf_amd64_a494df49ba2f9f36\nvcompiler64.dll
0x00007ffcf8630000 - 0x00007ffcf8e70000 	C:\WINDOWS\System32\DriverStore\FileRepository\nv_dispi.inf_amd64_a494df49ba2f9f36\nvptxJitCompiler64.dll

dbghelp: loaded successfully - version: 4.0.5 - missing functions: none
symbol engine: initialized successfully - sym options: 0x614 - pdb path: .;D:\Softwares\jdk-16.0.1\bin;C:\WINDOWS\SYSTEM32;C:\WINDOWS\WinSxS\amd64_microsoft.windows.common-controls_6595b64144ccf1df_6.0.19041.844_none_ca00b6081b84eb1d;D:\Softwares\jdk-16.0.1\bin\server;C:\Users\Vignesh\AppData\Local\Temp\Aparapi17666984634542117394;C:\Users\Vignesh\AppData\Local\Temp\Aparapi16440717219506750712;C:\Users\Vignesh\AppData\Local\Temp\Aparapi11271613202507586615;C:\WINDOWS\System32\DriverStore\FileRepository\nv_dispi.inf_amd64_a494df49ba2f9f36;C:\Program Files (x86)\Common Files\Intel\OpenCL\bin\x64

VM Arguments:
jvm_args: -Dcom.sun.management.jmxremote -Dcom.sun.management.jmxremote.port=53594 -Dcom.sun.management.jmxremote.authenticate=false -Dcom.sun.management.jmxremote.ssl=false -Djava.rmi.server.hostname=localhost -Dspring.jmx.enabled=true -Dspring.application.admin.enabled=true -XX:TieredStopAtLevel=1 -Dspring.boot.project.name=JavaGPU -Dfile.encoding=UTF-8 -XX:+ShowCodeDetailsInExceptionMessages 
java_command: com.mytoolbase.JavaBE.ToolBaseMainBe1Application
java_class_path (initial): D:\Workspaces\Java\JavaGPU\target\classes;C:\Users\Vignesh\.m2\repository\org\springframework\boot\spring-boot-starter\2.4.5\spring-boot-starter-2.4.5.jar;C:\Users\Vignesh\.m2\repository\org\springframework\boot\spring-boot\2.4.5\spring-boot-2.4.5.jar;C:\Users\Vignesh\.m2\repository\org\springframework\spring-context\5.3.6\spring-context-5.3.6.jar;C:\Users\Vignesh\.m2\repository\org\springframework\spring-aop\5.3.6\spring-aop-5.3.6.jar;C:\Users\Vignesh\.m2\repository\org\springframework\spring-beans\5.3.6\spring-beans-5.3.6.jar;C:\Users\Vignesh\.m2\repository\org\springframework\spring-expression\5.3.6\spring-expression-5.3.6.jar;C:\Users\Vignesh\.m2\repository\org\springframework\boot\spring-boot-autoconfigure\2.4.5\spring-boot-autoconfigure-2.4.5.jar;C:\Users\Vignesh\.m2\repository\org\springframework\boot\spring-boot-starter-logging\2.4.5\spring-boot-starter-logging-2.4.5.jar;C:\Users\Vignesh\.m2\repository\ch\qos\logback\logback-classic\1.2.3\logback-classic-1.2.3.jar;C:\Users\Vignesh\.m2\repository\ch\qos\logback\logback-core\1.2.3\logback-core-1.2.3.jar;C:\Users\Vignesh\.m2\repository\org\apache\logging\log4j\log4j-to-slf4j\2.13.3\log4j-to-slf4j-2.13.3.jar;C:\Users\Vignesh\.m2\repository\org\apache\logging\log4j\log4j-api\2.13.3\log4j-api-2.13.3.jar;C:\Users\Vignesh\.m2\repository\org\slf4j\jul-to-slf4j\1.7.30\jul-to-slf4j-1.7.30.jar;C:\Users\Vignesh\.m2\repository\jakarta\annotation\jakarta.annotation-api\1.3.5\jakarta.annotation-api-1.3.5.jar;C:\Users\Vignesh\.m2\repository\org\springframework\spring-core\5.3.6\spring-core-5.3.6.jar;C:\Users\Vignesh\.m2\repository\org\springframework\spring-jcl\5.3.6\spring-jcl-5.3.6.jar;C:\Users\Vignesh\.m2\repository\org\yaml\snakeyaml\1.27\snakeyaml-1.27.jar;C:\Users\Vignesh\.m2\repository\org\slf4j\slf4j-api\1.7.30\slf4j-api-1.7.30.jar;C:\Users\Vignesh\.m2\repository\com\aparapi\aparapi\2.0.1-SNAPSHOT\aparapi-2.0.1-SNAPSHOT.jar;C:\Users\Vignesh\.m2\repository\com\aparapi\aparapi-jni\1.4.3-SNA
Launcher Type: SUN_STANDARD

[Global flags]
     intx CICompilerCount                          = 3                                         {product} {ergonomic}
     uint ConcGCThreads                            = 1                                         {product} {ergonomic}
     uint G1ConcRefinementThreads                  = 4                                         {product} {ergonomic}
   size_t G1HeapRegionSize                         = 2097152                                   {product} {ergonomic}
    uintx GCDrainStackTargetSize                   = 64                                        {product} {ergonomic}
   size_t InitialHeapSize                          = 268435456                                 {product} {ergonomic}
     bool ManagementServer                         = true                                      {product} {command line}
   size_t MarkStackSize                            = 4194304                                   {product} {ergonomic}
   size_t MaxHeapSize                              = 4284481536                                {product} {ergonomic}
   size_t MaxNewSize                               = 2569011200                                {product} {ergonomic}
   size_t MinHeapDeltaBytes                        = 2097152                                   {product} {ergonomic}
   size_t MinHeapSize                              = 8388608                                   {product} {ergonomic}
    uintx NonNMethodCodeHeapSize                   = 6973028                                {pd product} {ergonomic}
    uintx NonProfiledCodeHeapSize                  = 244685212                              {pd product} {ergonomic}
    uintx ProfiledCodeHeapSize                     = 0                                      {pd product} {ergonomic}
    uintx ReservedCodeCacheSize                    = 251658240                              {pd product} {ergonomic}
     bool SegmentedCodeCache                       = true                                      {product} {ergonomic}
     bool ShowCodeDetailsInExceptionMessages       = true                                   {manageable} {command line}
   size_t SoftMaxHeapSize                          = 4284481536                             {manageable} {ergonomic}
     intx TieredStopAtLevel                        = 1                                         {product} {command line}
     bool UseCompressedClassPointers               = true                           {product lp64_product} {ergonomic}
     bool UseCompressedOops                        = true                           {product lp64_product} {ergonomic}
     bool UseG1GC                                  = true                                      {product} {ergonomic}
     bool UseLargePagesIndividualAllocation        = false                                  {pd product} {ergonomic}

Logging:
Log output configuration:
 #0: stdout all=warning uptime,level,tags
 #1: stderr all=off uptime,level,tags

Environment Variables:
JAVA_HOME=D:\Softwares\jdk-16.0.1
PATH=D:/Softwares/jdk-16.0.1/bin/server;D:/Softwares/jdk-16.0.1/bin;C:\Program Files (x86)\Common Files\Intel\Shared Libraries\redist\intel64\compiler;C:\WINDOWS\system32;C:\WINDOWS;C:\WINDOWS\System32\Wbem;C:\WINDOWS\System32\WindowsPowerShell\v1.0\;C:\WINDOWS\System32\OpenSSH\;C:\Program Files\NVIDIA Corporation\NVIDIA NvDLISR;C:\Program Files (x86)\NVIDIA Corporation\PhysX\Common;C:\WINDOWS\system32;C:\WINDOWS;C:\WINDOWS\System32\Wbem;C:\WINDOWS\System32\WindowsPowerShell\v1.0\;C:\WINDOWS\System32\OpenSSH\;D:\Softwares\jdk-16.0.1\bin;D:\Softwares\node-v14.16.1-win-x64;D:\Softwares\apache-maven-3.8.1\bin;C:\Program Files\Git\cmd;D:\Softwares\visualvm_207\bin;C:\Users\Vignesh\Downloads\mongodb-database-tools-windows-x86_64-100.3.1\mongodb-database-tools-windows-x86_64-100.3.1\bin;C:\Program Files\MySQL\MySQL Server 8.0\bin;C:\Program Files\MySQL\MySQL Shell 8.0\bin\;C:\WINDOWS\system32;C:\WINDOWS;C:\WINDOWS\System32\Wbem;C:\WINDOWS\System32\WindowsPowerShell\v1.0\;C:\WINDOWS\System32\OpenSSH\;C:\Program Files\NVIDIA Corporation\NVIDIA NvDLISR;C:\Program Files (x86)\NVIDIA Corporation\PhysX\Common;C:\Users\Vignesh\AppData\Local\Microsoft\WindowsApps;D:\Games\The Elder Scrolls - Skyrim - Special Edition;C:\Users\Vignesh\AppData\Roaming\npm;C:\Users\Vignesh\AppData\Local\Microsoft\WindowsApps;;C:\Users\Vignesh\AppData\Local\Programs\Microsoft VS Code\bin;C:\Users\Vignesh\Desktop;
USERNAME=Vignesh
OS=Windows_NT
PROCESSOR_IDENTIFIER=Intel64 Family 6 Model 94 Stepping 3, GenuineIntel



---------------  S Y S T E M  ---------------

OS:
 Windows 10 , 64 bit Build 19041 (10.0.19041.928)
OS uptime: 0 days 17:46 hours

CPU: total 4 (initial active 4) (4 cores per cpu, 1 threads per core) family 6 model 94 stepping 3 microcode 0xd6, cx8, cmov, fxsr, mmx, 3dnowpref, sse, sse2, sse3, ssse3, sse4.1, sse4.2, popcnt, lzcnt, tsc, tscinvbit, avx, avx2, aes, erms, clmul, bmi1, bmi2, adx, fma, vzeroupper, clflush, clflushopt

Memory: 4k page, system-wide physical 16342M (11244M free)
TotalPageFile size 24342M (AvailPageFile size 15630M)
current process WorkingSet (physical memory assigned to process): 161M, peak: 174M
current process commit charge ("private bytes"): 506M, peak: 529M

vm_info: OpenJDK 64-Bit Server VM (16.0.1+9-24) for windows-amd64 JRE (16.0.1+9-24), built on Mar 26 2021 19:30:07 by "mach5one" with MS VC++ 16.7 (VS2019)

END.
